warning: The `extra-build-dependencies` option is experimental and may change without warning. Pass `--preview-features extra-build-dependencies` to disable this warning.
Resolved 75 packages in 339ms
   Building math-python @ file:///Users/snimu/work/verifiers/environments/math_python
      Built math-python @ file:///Users/snimu/work/verifiers/environments/math_python
Prepared 1 package in 123ms
Uninstalled 2 packages in 1ms
Installed 2 packages in 3ms
 ~ math-python==0.1.10 (from file:///Users/snimu/work/verifiers/environments/math_python)
 - verifiers==0.1.8.post2 (from file:///Users/snimu/work/verifiers)
 + verifiers==0.1.8.post2 (from git+https://github.com/PrimeIntellect-ai/verifiers.git@453c2093eac29619db1ce19f4110b1c158eada7e)
=== Math Python Ablations ===
Models: openrouter:xiaomi/mimo-v2-flash:free openrouter:z-ai/glm-4.6 gpt-5-mini
Examples per config: 50
Rollouts per example: 1
Modes: rlm rlm_tips standard

########################################
### Model: openrouter:xiaomi/mimo-v2-flash:free
########################################

========================================
=== Mode: rlm (use_rlm=true, include_env_tips=false) ===
========================================

Running: model=openrouter:xiaomi/mimo-v2-flash:free, mode=rlm
2025-12-20 22:57:14 - verifiers.utils.env_utils - INFO - Loading environment: math-python
2025-12-20 22:57:14 - verifiers.utils.env_utils - ERROR - Failed to import environment module math_python for env_id math-python: cannot import name 'RLMEnv' from 'verifiers' (/Users/snimu/work/verifiers/.venv/lib/python3.12/site-packages/verifiers/__init__.py)
Traceback (most recent call last):
  File "/Users/snimu/work/verifiers/.venv/lib/python3.12/site-packages/verifiers/utils/env_utils.py", line 15, in load_environment
    module = importlib.import_module(module_name)
             ^^^^^^^^^^^^^^^^^^^^^^^^^^^^^^^^^^^^
  File "/Users/snimu/.local/share/uv/python/cpython-3.12.12-macos-aarch64-none/lib/python3.12/importlib/__init__.py", line 90, in import_module
    return _bootstrap._gcd_import(name[level:], package, level)
           ^^^^^^^^^^^^^^^^^^^^^^^^^^^^^^^^^^^^^^^^^^^^^^^^^^^^
  File "<frozen importlib._bootstrap>", line 1387, in _gcd_import
  File "<frozen importlib._bootstrap>", line 1360, in _find_and_load
  File "<frozen importlib._bootstrap>", line 1331, in _find_and_load_unlocked
  File "<frozen importlib._bootstrap>", line 935, in _load_unlocked
  File "<frozen importlib._bootstrap_external>", line 999, in exec_module
  File "<frozen importlib._bootstrap>", line 488, in _call_with_frames_removed
  File "/Users/snimu/work/verifiers/environments/math_python/math_python.py", line 22, in <module>
    from verifiers import RLMEnv
ImportError: cannot import name 'RLMEnv' from 'verifiers' (/Users/snimu/work/verifiers/.venv/lib/python3.12/site-packages/verifiers/__init__.py)

The above exception was the direct cause of the following exception:

Traceback (most recent call last):
  File "/Users/snimu/work/verifiers/.venv/bin/vf-eval", line 10, in <module>
    sys.exit(main())
             ^^^^^^
  File "/Users/snimu/work/verifiers/.venv/lib/python3.12/site-packages/verifiers/scripts/eval.py", line 319, in main
    asyncio.run(run_evaluation(eval_config))
  File "/Users/snimu/.local/share/uv/python/cpython-3.12.12-macos-aarch64-none/lib/python3.12/asyncio/runners.py", line 195, in run
    return runner.run(main)
           ^^^^^^^^^^^^^^^^
  File "/Users/snimu/.local/share/uv/python/cpython-3.12.12-macos-aarch64-none/lib/python3.12/asyncio/runners.py", line 118, in run
    return self._loop.run_until_complete(task)
           ^^^^^^^^^^^^^^^^^^^^^^^^^^^^^^^^^^^
  File "/Users/snimu/.local/share/uv/python/cpython-3.12.12-macos-aarch64-none/lib/python3.12/asyncio/base_events.py", line 691, in run_until_complete
    return future.result()
           ^^^^^^^^^^^^^^^
  File "/Users/snimu/work/verifiers/.venv/lib/python3.12/site-packages/verifiers/utils/eval_utils.py", line 111, in run_evaluation
    vf_env = vf.load_environment(env_id=config.env_id, **config.env_args)
             ^^^^^^^^^^^^^^^^^^^^^^^^^^^^^^^^^^^^^^^^^^^^^^^^^^^^^^^^^^^^
  File "/Users/snimu/work/verifiers/.venv/lib/python3.12/site-packages/verifiers/utils/env_utils.py", line 81, in load_environment
    raise ValueError(
ValueError: Could not import 'math-python' environment. Ensure the package for the 'math-python' environment is installed.
